<?xml version="1.0" encoding="UTF-8"?>
<testsuite xmlns:xsi="http://www.w3.org/2001/XMLSchema-instance" xsi:noNamespaceSchemaLocation="https://maven.apache.org/surefire/maven-surefire-plugin/xsd/surefire-test-report.xsd" version="3.0.2" name="com.mycompany.luistestes.CalculadoraTest" time="0.098" tests="5" errors="0" skipped="0" failures="0">
  <properties>
[...]
</properties>
  <testcase name="testSubtrair" classname="com.mycompany.luistestes.CalculadoraTest" time="0.033">
    <system-out><![CDATA[subtrair
Subtração: 10
]]></system-out>
  </testcase>
  <testcase name="testSomar" classname="com.mycompany.luistestes.CalculadoraTest" time="0.001">
    <system-out><![CDATA[somar
Soma: 30
]]></system-out>
  </testcase>
  <testcase name="testMultiplicar" classname="com.mycompany.luistestes.CalculadoraTest" time="0.003">
    <system-out><![CDATA[multiplicar
Multiplicação: 50
]]></system-out>
  </testcase>
  <testcase name="testVerificarSeEPar" classname="com.mycompany.luistestes.CalculadoraTest" time="0.005">
    <system-out><![CDATA[Verificar se é par
É par? true
]]></system-out>
  </testcase>
  <testcase name="testDividir" classname="com.mycompany.luistestes.CalculadoraTest" time="0.003">
    <system-out><![CDATA[dividir
Divisão: 5
]]></system-out>
  </testcase>
</testsuite>